
ROM used:   33/8192 (0%)
            33/8192 (0%) including unused fragments

            0.0 Average locations per line
            3.7 Average locations per statement

RAM used:   6/368 (2%) at main() level
            6/368 (2%) worst case

Stack used: 0 worst case (0 in main + 0 for interrupts)
Stack size: 8

Lines Stmts  %   Files
----- ----- ---  -----
   25     9 100  Entrada_001.c
  671     0   0  D:\Programas Escuela\CCS\PICC\Devices\16f877a.h
----- -----
  696     9 Total

Page ROM  %  RAM   Vol Diff  Functions:
---- --- --- ---   --- ----  ----------
0     29  88    1   141  3.0  main
 Inline         0             @cinit1

Program metrics:
    Functions               1
    Statements              9
    Comments                125
    Volume (V)              143
    Difficulty (D)          2.8
    Effort to implement (E) 400
    Time to implement (T)   0 minutes
    Est Delivered Bugs (B)  0
    Cyclomatic Complexity   1
    Maintainability (MI)    59

 Segment     Used  Free
-----------  ----  ----
00000-00003     4  0  
00004-007FF    29  2015  
00800-00FFF     0  2048  
01000-017FF     0  2048  
01800-01FFF     0  2048  



