
ROM used:   21/8192 (0%)
            21/8192 (0%) including unused fragments

            0.0 Average locations per line
            4.2 Average locations per statement

RAM used:   5/368 (1%) at main() level
            5/368 (1%) worst case

Stack used: 0 worst case (0 in main + 0 for interrupts)
Stack size: 8

Lines Stmts  %   Files
----- ----- ---  -----
   17     5 100  Salidas.c
  639     0   0  D:\Programas Escuela\CCS\PICC\Devices\16f877.h
----- -----
  656     5 Total

Page ROM  %  RAM   Vol Diff  Functions:
---- --- --- ---   --- ----  ----------
0     17  81    0    67  1.6  main
 Inline         0             @cinit1

Program metrics:
    Functions               1
    Statements              5
    Comments                111
    Volume (V)              69
    Difficulty (D)          1.4
    Effort to implement (E) 96
    Time to implement (T)   0 minutes
    Est Delivered Bugs (B)  0
    Cyclomatic Complexity   1
    Maintainability (MI)    94

 Segment     Used  Free
-----------  ----  ----
00000-00003     4  0  
00004-007FF    17  2027  
00800-00FFF     0  2048  
01000-017FF     0  2048  
01800-01FFF     0  2048  



