
ROM used:   106/8192 (1%)
            106/8192 (1%) including unused fragments

            0.2 Average locations per line
            5.3 Average locations per statement

RAM used:   6/368 (2%) at main() level
            7/368 (2%) worst case

Stack used: 1 worst case (1 in main + 0 for interrupts)
Stack size: 8

Lines Stmts  %   Files
----- ----- ---  -----
   33    20 100  Secuenci_001.c
  671     0   0  D:\Programas Escuela\CCS\PICC\Devices\16f877a.h
----- -----
  704    20 Total

Page ROM  %  RAM   Vol Diff  Functions:
---- --- --- ---   --- ----  ----------
0     20  19    1             @delay_ms1
0     82  77    0   423  1.9  main
 Inline         0             @cinit1

Program metrics:
    Functions               1
    Statements              20
    Comments                119
    Volume (V)              428
    Difficulty (D)          1.8
    Effort to implement (E) 773
    Time to implement (T)   1 minutes
    Est Delivered Bugs (B)  0
    Cyclomatic Complexity   1
    Maintainability (MI)    44

 Segment     Used  Free
-----------  ----  ----
00000-00003     4  0  
00004-007FF   102  1942  
00800-00FFF     0  2048  
01000-017FF     0  2048  
01800-01FFF     0  2048  



