
ROM used:   795/8192 (10%)
            795/8192 (10%) including unused fragments

            0.6 Average locations per line
            5.7 Average locations per statement

RAM used:   14/368 (4%) at main() level
            27/368 (7%) worst case

Stack used: 5 worst case (5 in main + 0 for interrupts)
Stack size: 8

Lines Stmts  %   Files
----- ----- ---  -----
   41    15  11  Teclado_001.c
  671     0   0  D:\Programas Escuela\CCS\PICC\Devices\16f877a.h
  456    84  60  D:\Programas Escuela\CCS\PICC\Drivers\lcd.c
  135    40  29  D:\Programas Escuela\CCS\PICC\Drivers\kbd.c
----- -----
 1303   139 Total

Page ROM  %  RAM   Vol Diff  Functions:
---- --- --- ---   --- ----  ----------
0     20   3    1             @delay_ms1
 Inline         3   596  5.9  lcd_read_byte
0      6   1    0    59  4.2  lcd_read_nibble
0     17   2    1   179  3.3  lcd_send_nibble
0     66   8    3   460  4.7  lcd_send_byte
0     62   8    6   814  7.2  lcd_init
0     18   2    4   208  6.3  lcd_gotoxy
0     44   6    1   354  4.7  lcd_putc
0     16   2    0             @const660
0      3   0    0     3  0.0  kbd_init
0    138  17    3  4540 10.2  kbd_getc
 Inline         2             @MUL88
0    118  15    1   359  4.1  MAIN
0     11   1    0             @const681
0     86  11    4             @PSTRINGC7_647
0     10   1    0             @const683
0     87  11    5             @PSTRINGCN7_647
0     21   3    3             @DIV88
0     53   7    2             @PRINTF_U_647
0      4   1    0             @const692
0     11   1    0             @const693
 Inline         0             @cinit1

Program metrics:
    Functions               10
    Statements              139
    Comments                265
    Volume (V)              10336
    Difficulty (D)          48.7
    Effort to implement (E) 503459
    Time to implement (T)   7 hours, 46 minutes
    Est Delivered Bugs (B)  2
    Cyclomatic Complexity   21
    Maintainability (MI)    141

 Segment     Used  Free
-----------  ----  ----
00000-00003     4  0  
00004-007FF   791  1253  
00800-00FFF     0  2048  
01000-017FF     0  2048  
01800-01FFF     0  2048  



