
ROM used:   409/8192 (5%)
            409/8192 (5%) including unused fragments

            0.4 Average locations per line
            4.1 Average locations per statement

RAM used:   6/368 (2%) at main() level
            18/368 (5%) worst case

Stack used: 5 worst case (5 in main + 0 for interrupts)
Stack size: 8

Lines Stmts  %   Files
----- ----- ---  -----
   41    16  16  LCD_001.c
  671     0   0  D:\Programas Escuela\CCS\PICC\Devices\16f877a.h
  456    84  84  D:\Programas Escuela\CCS\PICC\Drivers\LCD.c
----- -----
 1168   100 Total

Page ROM  %  RAM   Vol Diff  Functions:
---- --- --- ---   --- ----  ----------
0     20   5    1             @delay_ms1
 Inline         3   596  5.9  lcd_read_byte
0      6   1    0    59  4.2  lcd_read_nibble
0     17   4    1   179  3.3  lcd_send_nibble
0     66  16    3   460  4.7  lcd_send_byte
0     62  15    6   814  7.2  lcd_init
0     18   4    4   208  6.3  lcd_gotoxy
0     44  11    1   354  4.7  lcd_putc
0     68  17    1   341  3.2  MAIN
0      7   2    0             @const662
0     86  21    4             @PSTRINGC7_647
0     10   2    0             @const664
0      1   0    0             @const665
 Inline         0             @cinit1

Program metrics:
    Functions               8
    Statements              100
    Comments                226
    Volume (V)              4575
    Difficulty (D)          37.6
    Effort to implement (E) 172220
    Time to implement (T)   2 hours, 39 minutes
    Est Delivered Bugs (B)  1
    Cyclomatic Complexity   10
    Maintainability (MI)    143

 Segment     Used  Free
-----------  ----  ----
00000-00003     4  0  
00004-007FF   405  1639  
00800-00FFF     0  2048  
01000-017FF     0  2048  
01800-01FFF     0  2048  



