
ROM used:   1346/8192 (16%)
            1346/8192 (16%) including unused fragments

            1.1 Average locations per line
            12.3 Average locations per statement

RAM used:   15/368 (4%) at main() level
            37/368 (10%) worst case

Stack used: 5 worst case (5 in main + 0 for interrupts)
Stack size: 8

Lines Stmts  %   Files
----- ----- ---  -----
   59    25  23  ADC_001.c
  671     0   0  D:\Programas Escuela\CCS\PICC\Devices\16f877a.h
  456    84  77  D:\Programas Escuela\CCS\PICC\Drivers\LCD.c
----- -----
 1186   109 Total

Page ROM  %  RAM   Vol Diff  Functions:
---- --- --- ---   --- ----  ----------
0     20   1    1             @delay_ms1
 Inline         3   596  5.9  lcd_read_byte
0      6   0    0    59  4.2  lcd_read_nibble
0     17   1    1   179  3.3  lcd_send_nibble
0     66   5    3   460  4.7  lcd_send_byte
0     62   5    6   814  7.2  lcd_init
0     18   1    4   208  6.3  lcd_gotoxy
0     44   3    1   354  4.7  lcd_putc
0    203  15    4   640  5.1  MAIN
0      1   0    0     3  0.0  @const664
0     86   6    4  4540 10.2  @PSTRINGC7_647
0     31   2    2             @ITOF
0    117   9   13   359  4.1  @MULFF
0    204  15   14             @DIVFF
0      6   0    0             @const674
0      4   0    0             @const675
0     89   7    5             @PSTRINGCN7_647
 Inline         5             @FTOSD
0     79   6   13             @DIV3232
0    226  17   13             @PRINTF_L32D_647FPFPF
0     63   5   10             @FLT
 Inline         0             @cinit1

Program metrics:
    Functions               11
    Statements              109
    Comments                232
    Volume (V)              11500
    Difficulty (D)          53.9
    Effort to implement (E) 620004
    Time to implement (T)   9 hours, 34 minutes
    Est Delivered Bugs (B)  2
    Cyclomatic Complexity   23
    Maintainability (MI)    134

 Segment     Used  Free
-----------  ----  ----
00000-00003     4  0  
00004-007FF  1342  702  
00800-00FFF     0  2048  
01000-017FF     0  2048  
01800-01FFF     0  2048  



