CCS PCM C Compiler, Version 5.015, 5967               18-mar.-22 19:50

               Filename:   C:\Users\donke\OneDrive\Escritorio\Micro c\12_ADC\Programa\ADC_001.lst

               ROM used:   1346 words (16%)
                           Largest free fragment is 2048
               RAM used:   15 (4%) at main() level
                           37 (10%) worst case
               Stack used: 5 locations
               Stack size: 8

*
0000:  MOVLW  04
0001:  MOVWF  0A
0002:  GOTO   477
0003:  NOP
.................... #include <16f877a.h>      
.................... //////////// Standard Header file for the PIC16F877A device //////////////// 
.................... /////////////////////////////////////////////////////////////////////////// 
.................... ////        (C) Copyright 1996, 2013 Custom Computer Services          //// 
.................... //// This source code may only be used by licensed users of the CCS C  //// 
.................... //// compiler.  This source code may only be distributed to other      //// 
.................... //// licensed users of the CCS C compiler.  No other use, reproduction //// 
.................... //// or distribution is permitted without written permission.          //// 
.................... //// Derivative programs created using this software in object code    //// 
.................... //// form are not restricted in any way.                               //// 
.................... /////////////////////////////////////////////////////////////////////////// 
.................... #device PIC16F877A 
0004:  DATA 0C,00
0005:  DATA D4,32
0006:  DATA 6D,38
0007:  DATA 65,39
0008:  DATA 61,3A
0009:  DATA 75,39
000A:  DATA 61,00
000B:  DATA C5,39
000C:  DATA A0,21
000D:  DATA BD,12
000E:  DATA 66,00
*
00F8:  MOVF   0B,W
00F9:  MOVWF  26
00FA:  BCF    0B.7
00FB:  BSF    03.5
00FC:  BSF    03.6
00FD:  BSF    0C.7
00FE:  BSF    0C.0
00FF:  NOP
0100:  NOP
0101:  BCF    03.5
0102:  BCF    03.6
0103:  BTFSC  26.7
0104:  BSF    0B.7
0105:  BSF    03.6
0106:  MOVF   0C,W
0107:  ANDLW  7F
0108:  BTFSC  03.2
0109:  GOTO   14C
010A:  BCF    03.6
010B:  MOVWF  26
010C:  BSF    03.6
010D:  MOVF   0D,W
010E:  BCF    03.6
010F:  MOVWF  27
0110:  BSF    03.6
0111:  MOVF   0F,W
0112:  BCF    03.6
0113:  MOVWF  28
0114:  MOVF   26,W
0115:  MOVWF  33
0116:  CALL   0CC
0117:  MOVF   27,W
0118:  BSF    03.6
0119:  MOVWF  0D
011A:  BCF    03.6
011B:  MOVF   28,W
011C:  BSF    03.6
011D:  MOVWF  0F
011E:  BCF    03.6
011F:  MOVF   0B,W
0120:  MOVWF  29
0121:  BCF    0B.7
0122:  BSF    03.5
0123:  BSF    03.6
0124:  BSF    0C.7
0125:  BSF    0C.0
0126:  NOP
0127:  NOP
0128:  BCF    03.5
0129:  BCF    03.6
012A:  BTFSC  29.7
012B:  BSF    0B.7
012C:  BSF    03.6
012D:  RLF    0C,W
012E:  RLF    0E,W
012F:  ANDLW  7F
0130:  BTFSC  03.2
0131:  GOTO   14C
0132:  BCF    03.6
0133:  MOVWF  26
0134:  BSF    03.6
0135:  MOVF   0D,W
0136:  BCF    03.6
0137:  MOVWF  27
0138:  BSF    03.6
0139:  MOVF   0F,W
013A:  BCF    03.6
013B:  MOVWF  28
013C:  MOVF   26,W
013D:  MOVWF  33
013E:  CALL   0CC
013F:  MOVF   27,W
0140:  BSF    03.6
0141:  MOVWF  0D
0142:  BCF    03.6
0143:  MOVF   28,W
0144:  BSF    03.6
0145:  MOVWF  0F
0146:  INCF   0D,F
0147:  BTFSC  03.2
0148:  INCF   0F,F
0149:  BCF    03.6
014A:  GOTO   0F8
014B:  BSF    03.6
014C:  BCF    03.6
014D:  RETURN
014E:  MOVLW  8E
014F:  MOVWF  77
0150:  MOVF   27,W
0151:  MOVWF  78
0152:  MOVF   26,W
0153:  MOVWF  79
0154:  CLRF   7A
0155:  MOVF   78,F
0156:  BTFSS  03.2
0157:  GOTO   162
0158:  MOVF   79,W
0159:  MOVWF  78
015A:  CLRF   79
015B:  MOVLW  08
015C:  SUBWF  77,F
015D:  MOVF   78,F
015E:  BTFSS  03.2
015F:  GOTO   162
0160:  CLRF   77
0161:  GOTO   16A
0162:  BCF    03.0
0163:  BTFSC  78.7
0164:  GOTO   169
0165:  RLF    79,F
0166:  RLF    78,F
0167:  DECF   77,F
0168:  GOTO   162
0169:  BCF    78.7
016A:  BCF    0A.3
016B:  BCF    0A.4
016C:  GOTO   4B7 (RETURN)
016D:  MOVF   33,W
016E:  BTFSC  03.2
016F:  GOTO   1DD
0170:  MOVWF  3B
0171:  MOVF   37,W
0172:  BTFSC  03.2
0173:  GOTO   1DD
0174:  ADDWF  3B,F
0175:  BTFSC  03.0
0176:  GOTO   17E
0177:  MOVLW  7F
0178:  SUBWF  3B,F
0179:  BTFSS  03.0
017A:  GOTO   1DD
017B:  BTFSC  03.2
017C:  GOTO   1DD
017D:  GOTO   182
017E:  MOVLW  81
017F:  ADDWF  3B,F
0180:  BTFSC  03.0
0181:  GOTO   1DD
0182:  MOVF   3B,W
0183:  MOVWF  77
0184:  CLRF   78
0185:  CLRF   79
0186:  CLRF   7A
0187:  MOVF   34,W
0188:  MOVWF  3F
0189:  BSF    3F.7
018A:  MOVF   35,W
018B:  MOVWF  3E
018C:  MOVF   36,W
018D:  MOVWF  3D
018E:  MOVLW  18
018F:  MOVWF  3B
0190:  CLRF   3C
0191:  BTFSS  3D.0
0192:  GOTO   1AB
0193:  MOVF   3A,W
0194:  ADDWF  7A,F
0195:  BTFSS  03.0
0196:  GOTO   19D
0197:  INCF   79,F
0198:  BTFSS  03.2
0199:  GOTO   19D
019A:  INCF   78,F
019B:  BTFSC  03.2
019C:  BSF    3C.7
019D:  MOVF   39,W
019E:  ADDWF  79,F
019F:  BTFSS  03.0
01A0:  GOTO   1A4
01A1:  INCF   78,F
01A2:  BTFSC  03.2
01A3:  BSF    3C.7
01A4:  MOVF   38,W
01A5:  MOVWF  35
01A6:  BSF    35.7
01A7:  MOVF   35,W
01A8:  ADDWF  78,F
01A9:  BTFSC  03.0
01AA:  BSF    3C.7
01AB:  RLF    3C,F
01AC:  RRF    78,F
01AD:  RRF    79,F
01AE:  RRF    7A,F
01AF:  RRF    3F,F
01B0:  RRF    3E,F
01B1:  RRF    3D,F
01B2:  BCF    03.0
01B3:  DECFSZ 3B,F
01B4:  GOTO   190
01B5:  MOVLW  01
01B6:  ADDWF  77,F
01B7:  BTFSC  03.0
01B8:  GOTO   1DD
01B9:  BTFSC  78.7
01BA:  GOTO   1C2
01BB:  RLF    3F,F
01BC:  RLF    7A,F
01BD:  RLF    79,F
01BE:  RLF    78,F
01BF:  DECF   77,F
01C0:  BTFSC  03.2
01C1:  GOTO   1DD
01C2:  BTFSS  3F.7
01C3:  GOTO   1D3
01C4:  INCF   7A,F
01C5:  BTFSS  03.2
01C6:  GOTO   1D3
01C7:  INCF   79,F
01C8:  BTFSS  03.2
01C9:  GOTO   1D3
01CA:  INCF   78,F
01CB:  BTFSS  03.2
01CC:  GOTO   1D3
01CD:  RRF    78,F
01CE:  RRF    79,F
01CF:  RRF    7A,F
01D0:  INCF   77,F
01D1:  BTFSC  03.2
01D2:  GOTO   1DD
01D3:  MOVF   34,W
01D4:  MOVWF  3C
01D5:  MOVF   38,W
01D6:  XORWF  3C,F
01D7:  BTFSS  3C.7
01D8:  GOTO   1DB
01D9:  BSF    78.7
01DA:  GOTO   1E1
01DB:  BCF    78.7
01DC:  GOTO   1E1
01DD:  CLRF   77
01DE:  CLRF   78
01DF:  CLRF   79
01E0:  CLRF   7A
01E1:  RETURN
01E2:  MOVF   2A,W
01E3:  BTFSC  03.2
01E4:  GOTO   2A7
01E5:  MOVWF  36
01E6:  MOVF   2E,W
01E7:  BTFSC  03.2
01E8:  GOTO   2A7
01E9:  SUBWF  36,F
01EA:  BTFSS  03.0
01EB:  GOTO   1F1
01EC:  MOVLW  7F
01ED:  ADDWF  36,F
01EE:  BTFSC  03.0
01EF:  GOTO   2A7
01F0:  GOTO   1F7
01F1:  MOVLW  81
01F2:  SUBWF  36,F
01F3:  BTFSS  03.0
01F4:  GOTO   2A7
01F5:  BTFSC  03.2
01F6:  GOTO   2A7
01F7:  MOVF   36,W
01F8:  MOVWF  77
01F9:  CLRF   78
01FA:  CLRF   79
01FB:  CLRF   7A
01FC:  CLRF   35
01FD:  MOVF   2B,W
01FE:  MOVWF  34
01FF:  BSF    34.7
0200:  MOVF   2C,W
0201:  MOVWF  33
0202:  MOVF   2D,W
0203:  MOVWF  32
0204:  MOVLW  19
0205:  MOVWF  36
0206:  MOVF   31,W
0207:  SUBWF  32,F
0208:  BTFSC  03.0
0209:  GOTO   21A
020A:  MOVLW  01
020B:  SUBWF  33,F
020C:  BTFSC  03.0
020D:  GOTO   21A
020E:  SUBWF  34,F
020F:  BTFSC  03.0
0210:  GOTO   21A
0211:  SUBWF  35,F
0212:  BTFSC  03.0
0213:  GOTO   21A
0214:  INCF   35,F
0215:  INCF   34,F
0216:  INCF   33,F
0217:  MOVF   31,W
0218:  ADDWF  32,F
0219:  GOTO   24C
021A:  MOVF   30,W
021B:  SUBWF  33,F
021C:  BTFSC  03.0
021D:  GOTO   235
021E:  MOVLW  01
021F:  SUBWF  34,F
0220:  BTFSC  03.0
0221:  GOTO   235
0222:  SUBWF  35,F
0223:  BTFSC  03.0
0224:  GOTO   235
0225:  INCF   35,F
0226:  INCF   34,F
0227:  MOVF   30,W
0228:  ADDWF  33,F
0229:  MOVF   31,W
022A:  ADDWF  32,F
022B:  BTFSS  03.0
022C:  GOTO   24C
022D:  INCF   33,F
022E:  BTFSS  03.2
022F:  GOTO   24C
0230:  INCF   34,F
0231:  BTFSS  03.2
0232:  GOTO   24C
0233:  INCF   35,F
0234:  GOTO   24C
0235:  MOVF   2F,W
0236:  IORLW  80
0237:  SUBWF  34,F
0238:  BTFSC  03.0
0239:  GOTO   24B
023A:  MOVLW  01
023B:  SUBWF  35,F
023C:  BTFSC  03.0
023D:  GOTO   24B
023E:  INCF   35,F
023F:  MOVF   2F,W
0240:  IORLW  80
0241:  ADDWF  34,F
0242:  MOVF   30,W
0243:  ADDWF  33,F
0244:  BTFSS  03.0
0245:  GOTO   229
0246:  INCF   34,F
0247:  BTFSS  03.2
0248:  GOTO   229
0249:  INCF   35,F
024A:  GOTO   229
024B:  BSF    7A.0
024C:  DECFSZ 36,F
024D:  GOTO   24F
024E:  GOTO   25A
024F:  BCF    03.0
0250:  RLF    32,F
0251:  RLF    33,F
0252:  RLF    34,F
0253:  RLF    35,F
0254:  BCF    03.0
0255:  RLF    7A,F
0256:  RLF    79,F
0257:  RLF    78,F
0258:  RLF    37,F
0259:  GOTO   206
025A:  BTFSS  37.0
025B:  GOTO   262
025C:  BCF    03.0
025D:  RRF    78,F
025E:  RRF    79,F
025F:  RRF    7A,F
0260:  RRF    37,F
0261:  GOTO   265
0262:  DECF   77,F
0263:  BTFSC  03.2
0264:  GOTO   2A7
0265:  BTFSC  37.7
0266:  GOTO   28E
0267:  BCF    03.0
0268:  RLF    32,F
0269:  RLF    33,F
026A:  RLF    34,F
026B:  RLF    35,F
026C:  MOVF   31,W
026D:  SUBWF  32,F
026E:  BTFSC  03.0
026F:  GOTO   27A
0270:  MOVLW  01
0271:  SUBWF  33,F
0272:  BTFSC  03.0
0273:  GOTO   27A
0274:  SUBWF  34,F
0275:  BTFSC  03.0
0276:  GOTO   27A
0277:  SUBWF  35,F
0278:  BTFSS  03.0
0279:  GOTO   29D
027A:  MOVF   30,W
027B:  SUBWF  33,F
027C:  BTFSC  03.0
027D:  GOTO   285
027E:  MOVLW  01
027F:  SUBWF  34,F
0280:  BTFSC  03.0
0281:  GOTO   285
0282:  SUBWF  35,F
0283:  BTFSS  03.0
0284:  GOTO   29D
0285:  MOVF   2F,W
0286:  IORLW  80
0287:  SUBWF  34,F
0288:  BTFSC  03.0
0289:  GOTO   28E
028A:  MOVLW  01
028B:  SUBWF  35,F
028C:  BTFSS  03.0
028D:  GOTO   29D
028E:  INCF   7A,F
028F:  BTFSS  03.2
0290:  GOTO   29D
0291:  INCF   79,F
0292:  BTFSS  03.2
0293:  GOTO   29D
0294:  INCF   78,F
0295:  BTFSS  03.2
0296:  GOTO   29D
0297:  INCF   77,F
0298:  BTFSC  03.2
0299:  GOTO   2A7
029A:  RRF    78,F
029B:  RRF    79,F
029C:  RRF    7A,F
029D:  MOVF   2B,W
029E:  MOVWF  36
029F:  MOVF   2F,W
02A0:  XORWF  36,F
02A1:  BTFSS  36.7
02A2:  GOTO   2A5
02A3:  BSF    78.7
02A4:  GOTO   2AB
02A5:  BCF    78.7
02A6:  GOTO   2AB
02A7:  CLRF   77
02A8:  CLRF   78
02A9:  CLRF   79
02AA:  CLRF   7A
02AB:  BCF    0A.3
02AC:  BCF    0A.4
02AD:  GOTO   4DE (RETURN)
02AE:  MOVF   0B,W
02AF:  MOVWF  27
02B0:  BCF    0B.7
02B1:  BSF    03.5
02B2:  BSF    03.6
02B3:  BSF    0C.7
02B4:  BSF    0C.0
02B5:  NOP
02B6:  NOP
02B7:  BCF    03.5
02B8:  BCF    03.6
02B9:  BTFSC  27.7
02BA:  BSF    0B.7
02BB:  BTFSC  03.0
02BC:  GOTO   2E5
02BD:  BSF    03.6
02BE:  MOVF   0C,W
02BF:  ANDLW  7F
02C0:  BCF    03.6
02C1:  MOVWF  27
02C2:  BSF    03.6
02C3:  MOVF   0D,W
02C4:  BCF    03.6
02C5:  MOVWF  28
02C6:  BSF    03.6
02C7:  MOVF   0F,W
02C8:  BCF    03.6
02C9:  MOVWF  29
02CA:  MOVF   27,W
02CB:  MOVWF  33
02CC:  CALL   0CC
02CD:  MOVF   28,W
02CE:  BSF    03.6
02CF:  MOVWF  0D
02D0:  BCF    03.6
02D1:  MOVF   29,W
02D2:  BSF    03.6
02D3:  MOVWF  0F
02D4:  BCF    03.6
02D5:  MOVF   0B,W
02D6:  MOVWF  2A
02D7:  BCF    0B.7
02D8:  BSF    03.5
02D9:  BSF    03.6
02DA:  BSF    0C.7
02DB:  BSF    0C.0
02DC:  NOP
02DD:  NOP
02DE:  BCF    03.5
02DF:  BCF    03.6
02E0:  BTFSC  2A.7
02E1:  BSF    0B.7
02E2:  DECFSZ 26,F
02E3:  GOTO   2E5
02E4:  GOTO   304
02E5:  BSF    03.6
02E6:  RLF    0C,W
02E7:  RLF    0E,W
02E8:  ANDLW  7F
02E9:  BCF    03.6
02EA:  MOVWF  27
02EB:  BSF    03.6
02EC:  MOVF   0D,W
02ED:  BCF    03.6
02EE:  MOVWF  28
02EF:  BSF    03.6
02F0:  MOVF   0F,W
02F1:  BCF    03.6
02F2:  MOVWF  29
02F3:  MOVF   27,W
02F4:  MOVWF  33
02F5:  CALL   0CC
02F6:  MOVF   28,W
02F7:  BSF    03.6
02F8:  MOVWF  0D
02F9:  BCF    03.6
02FA:  MOVF   29,W
02FB:  BSF    03.6
02FC:  MOVWF  0F
02FD:  INCF   0D,F
02FE:  BTFSC  03.2
02FF:  INCF   0F,F
0300:  BCF    03.0
0301:  BCF    03.6
0302:  DECFSZ 26,F
0303:  GOTO   2AE
0304:  BCF    0A.3
0305:  BCF    0A.4
0306:  GOTO   4FF (RETURN)
0307:  BTFSC  03.1
0308:  GOTO   30C
0309:  MOVLW  3B
030A:  MOVWF  04
030B:  BCF    03.7
030C:  CLRF   77
030D:  CLRF   78
030E:  CLRF   79
030F:  CLRF   7A
0310:  CLRF   3B
0311:  CLRF   3C
0312:  CLRF   3D
0313:  CLRF   3E
0314:  MOVF   3A,W
0315:  IORWF  39,W
0316:  IORWF  38,W
0317:  IORWF  37,W
0318:  BTFSC  03.2
0319:  GOTO   34A
031A:  MOVLW  20
031B:  MOVWF  3F
031C:  BCF    03.0
031D:  RLF    33,F
031E:  RLF    34,F
031F:  RLF    35,F
0320:  RLF    36,F
0321:  RLF    3B,F
0322:  RLF    3C,F
0323:  RLF    3D,F
0324:  RLF    3E,F
0325:  MOVF   3A,W
0326:  SUBWF  3E,W
0327:  BTFSS  03.2
0328:  GOTO   333
0329:  MOVF   39,W
032A:  SUBWF  3D,W
032B:  BTFSS  03.2
032C:  GOTO   333
032D:  MOVF   38,W
032E:  SUBWF  3C,W
032F:  BTFSS  03.2
0330:  GOTO   333
0331:  MOVF   37,W
0332:  SUBWF  3B,W
0333:  BTFSS  03.0
0334:  GOTO   344
0335:  MOVF   37,W
0336:  SUBWF  3B,F
0337:  MOVF   38,W
0338:  BTFSS  03.0
0339:  INCFSZ 38,W
033A:  SUBWF  3C,F
033B:  MOVF   39,W
033C:  BTFSS  03.0
033D:  INCFSZ 39,W
033E:  SUBWF  3D,F
033F:  MOVF   3A,W
0340:  BTFSS  03.0
0341:  INCFSZ 3A,W
0342:  SUBWF  3E,F
0343:  BSF    03.0
0344:  RLF    77,F
0345:  RLF    78,F
0346:  RLF    79,F
0347:  RLF    7A,F
0348:  DECFSZ 3F,F
0349:  GOTO   31C
034A:  MOVF   3B,W
034B:  MOVWF  00
034C:  INCF   04,F
034D:  MOVF   3C,W
034E:  MOVWF  00
034F:  INCF   04,F
0350:  MOVF   3D,W
0351:  MOVWF  00
0352:  INCF   04,F
0353:  MOVF   3E,W
0354:  MOVWF  00
0355:  RETURN
0356:  MOVF   04,W
0357:  MOVWF  2B
0358:  MOVF   2A,W
0359:  MOVWF  2D
035A:  BTFSC  03.2
035B:  GOTO   375
035C:  MOVF   29,W
035D:  MOVWF  36
035E:  MOVF   28,W
035F:  MOVWF  35
0360:  MOVF   27,W
0361:  MOVWF  34
0362:  MOVF   26,W
0363:  MOVWF  33
0364:  CLRF   3A
0365:  CLRF   39
0366:  MOVLW  20
0367:  MOVWF  38
0368:  MOVLW  82
0369:  MOVWF  37
036A:  CALL   16D
036B:  MOVF   7A,W
036C:  MOVWF  29
036D:  MOVF   79,W
036E:  MOVWF  28
036F:  MOVF   78,W
0370:  MOVWF  27
0371:  MOVF   77,W
0372:  MOVWF  26
0373:  DECFSZ 2D,F
0374:  GOTO   35C
0375:  MOVF   29,W
0376:  MOVWF  36
0377:  MOVF   28,W
0378:  MOVWF  35
0379:  MOVF   27,W
037A:  MOVWF  34
037B:  MOVF   26,W
037C:  MOVWF  33
037D:  MOVF   33,W
037E:  SUBLW  B6
037F:  MOVWF  33
0380:  CLRF   7A
0381:  MOVF   34,W
0382:  MOVWF  37
0383:  BSF    34.7
0384:  BCF    03.0
0385:  RRF    34,F
0386:  RRF    35,F
0387:  RRF    36,F
0388:  RRF    7A,F
0389:  RRF    79,F
038A:  RRF    78,F
038B:  RRF    77,F
038C:  DECFSZ 33,F
038D:  GOTO   384
038E:  BTFSS  37.7
038F:  GOTO   39B
0390:  COMF   77,F
0391:  COMF   78,F
0392:  COMF   79,F
0393:  COMF   7A,F
0394:  INCF   77,F
0395:  BTFSC  03.2
0396:  INCF   78,F
0397:  BTFSC  03.2
0398:  INCF   79,F
0399:  BTFSC  03.2
039A:  INCF   7A,F
039B:  MOVF   7A,W
039C:  MOVWF  29
039D:  MOVF   79,W
039E:  MOVWF  28
039F:  MOVF   78,W
03A0:  MOVWF  27
03A1:  MOVF   77,W
03A2:  MOVWF  26
03A3:  BTFSS  29.7
03A4:  GOTO   3B2
03A5:  DECF   2B,F
03A6:  BSF    2B.5
03A7:  COMF   26,F
03A8:  COMF   27,F
03A9:  COMF   28,F
03AA:  COMF   29,F
03AB:  INCF   26,F
03AC:  BTFSC  03.2
03AD:  INCF   27,F
03AE:  BTFSC  03.2
03AF:  INCF   28,F
03B0:  BTFSC  03.2
03B1:  INCF   29,F
03B2:  MOVLW  3B
03B3:  MOVWF  32
03B4:  MOVLW  9A
03B5:  MOVWF  31
03B6:  MOVLW  CA
03B7:  MOVWF  30
03B8:  CLRF   2F
03B9:  MOVLW  0A
03BA:  MOVWF  2D
03BB:  MOVF   2A,W
03BC:  BTFSC  03.2
03BD:  INCF   2B,F
03BE:  BSF    03.1
03BF:  MOVLW  26
03C0:  MOVWF  04
03C1:  BCF    03.7
03C2:  MOVF   29,W
03C3:  MOVWF  36
03C4:  MOVF   28,W
03C5:  MOVWF  35
03C6:  MOVF   27,W
03C7:  MOVWF  34
03C8:  MOVF   26,W
03C9:  MOVWF  33
03CA:  MOVF   32,W
03CB:  MOVWF  3A
03CC:  MOVF   31,W
03CD:  MOVWF  39
03CE:  MOVF   30,W
03CF:  MOVWF  38
03D0:  MOVF   2F,W
03D1:  MOVWF  37
03D2:  CALL   307
03D3:  MOVF   78,W
03D4:  MOVF   77,F
03D5:  BTFSS  03.2
03D6:  GOTO   3EA
03D7:  INCF   2A,W
03D8:  SUBWF  2D,W
03D9:  BTFSC  03.2
03DA:  GOTO   3EA
03DB:  MOVF   2B,W
03DC:  BTFSC  03.2
03DD:  GOTO   3EC
03DE:  ANDLW  0F
03DF:  SUBWF  2D,W
03E0:  BTFSC  03.2
03E1:  GOTO   3E4
03E2:  BTFSC  03.0
03E3:  GOTO   41C
03E4:  BTFSC  2B.7
03E5:  GOTO   41C
03E6:  BTFSC  2B.6
03E7:  GOTO   3EC
03E8:  MOVLW  20
03E9:  GOTO   418
03EA:  MOVLW  20
03EB:  ANDWF  2B,F
03EC:  BTFSS  2B.5
03ED:  GOTO   3FA
03EE:  BCF    2B.5
03EF:  MOVF   2A,W
03F0:  BTFSS  03.2
03F1:  DECF   2B,F
03F2:  MOVF   77,W
03F3:  MOVWF  2B
03F4:  MOVLW  2D
03F5:  MOVWF  33
03F6:  CALL   0CC
03F7:  MOVF   2B,W
03F8:  MOVWF  77
03F9:  CLRF   2B
03FA:  MOVF   2A,W
03FB:  SUBWF  2D,W
03FC:  BTFSS  03.2
03FD:  GOTO   408
03FE:  MOVF   77,W
03FF:  MOVWF  2B
0400:  MOVLW  2E
0401:  MOVWF  33
0402:  CALL   0CC
0403:  MOVF   2B,W
0404:  MOVWF  77
0405:  MOVLW  20
0406:  ANDWF  2B,F
0407:  MOVLW  00
0408:  MOVLW  30
0409:  BTFSS  2B.5
040A:  GOTO   418
040B:  BCF    2B.5
040C:  MOVF   2A,W
040D:  BTFSS  03.2
040E:  DECF   2B,F
040F:  MOVF   77,W
0410:  MOVWF  2B
0411:  MOVLW  2D
0412:  MOVWF  33
0413:  CALL   0CC
0414:  MOVF   2B,W
0415:  MOVWF  77
0416:  CLRF   2B
0417:  MOVLW  30
0418:  ADDWF  77,F
0419:  MOVF   77,W
041A:  MOVWF  33
041B:  CALL   0CC
041C:  BCF    03.1
041D:  MOVF   32,W
041E:  MOVWF  36
041F:  MOVF   31,W
0420:  MOVWF  35
0421:  MOVF   30,W
0422:  MOVWF  34
0423:  MOVF   2F,W
0424:  MOVWF  33
0425:  CLRF   3A
0426:  CLRF   39
0427:  CLRF   38
0428:  MOVLW  0A
0429:  MOVWF  37
042A:  CALL   307
042B:  MOVF   7A,W
042C:  MOVWF  32
042D:  MOVF   79,W
042E:  MOVWF  31
042F:  MOVF   78,W
0430:  MOVWF  30
0431:  MOVF   77,W
0432:  MOVWF  2F
0433:  DECFSZ 2D,F
0434:  GOTO   3BE
0435:  BCF    0A.3
0436:  BCF    0A.4
0437:  GOTO   50C (RETURN)
0438:  MOVF   27,W
0439:  MOVWF  2E
043A:  MOVF   2B,W
043B:  XORWF  2E,F
043C:  BTFSS  2E.7
043D:  GOTO   443
043E:  BCF    03.2
043F:  BCF    03.0
0440:  BTFSC  27.7
0441:  BSF    03.0
0442:  GOTO   476
0443:  MOVF   27,W
0444:  MOVWF  2E
0445:  MOVF   2A,W
0446:  MOVWF  2F
0447:  MOVF   26,W
0448:  SUBWF  2F,F
0449:  BTFSC  03.2
044A:  GOTO   451
044B:  BTFSS  2E.7
044C:  GOTO   476
044D:  MOVF   03,W
044E:  XORLW  01
044F:  MOVWF  03
0450:  GOTO   476
0451:  MOVF   2B,W
0452:  MOVWF  2F
0453:  MOVF   27,W
0454:  SUBWF  2F,F
0455:  BTFSC  03.2
0456:  GOTO   45D
0457:  BTFSS  2E.7
0458:  GOTO   476
0459:  MOVF   03,W
045A:  XORLW  01
045B:  MOVWF  03
045C:  GOTO   476
045D:  MOVF   2C,W
045E:  MOVWF  2F
045F:  MOVF   28,W
0460:  SUBWF  2F,F
0461:  BTFSC  03.2
0462:  GOTO   469
0463:  BTFSS  2E.7
0464:  GOTO   476
0465:  MOVF   03,W
0466:  XORLW  01
0467:  MOVWF  03
0468:  GOTO   476
0469:  MOVF   2D,W
046A:  MOVWF  2F
046B:  MOVF   29,W
046C:  SUBWF  2F,F
046D:  BTFSC  03.2
046E:  GOTO   475
046F:  BTFSS  2E.7
0470:  GOTO   476
0471:  MOVF   03,W
0472:  XORLW  01
0473:  MOVWF  03
0474:  GOTO   476
0475:  BCF    03.0
0476:  RETURN
....................  
.................... #list 
....................  
.................... #device  ADC=10   // Se establece el la resolucion, 10Bits (0-1023). Resolucion= 5/1024 = 4.8mV 
.................... #fuses HS, NOWDT, NOPUT, NOLVP, NOPROTECT, BROWNOUT 
.................... #use delay(clock=20M)  
*
000F:  MOVLW  34
0010:  MOVWF  04
0011:  BCF    03.7
0012:  MOVF   00,W
0013:  BTFSC  03.2
0014:  GOTO   022
0015:  MOVLW  06
0016:  MOVWF  78
0017:  CLRF   77
0018:  DECFSZ 77,F
0019:  GOTO   018
001A:  DECFSZ 78,F
001B:  GOTO   017
001C:  MOVLW  7B
001D:  MOVWF  77
001E:  DECFSZ 77,F
001F:  GOTO   01E
0020:  DECFSZ 00,F
0021:  GOTO   015
0022:  RETURN
.................... #use standard_io(D) 
.................... #use fast_io(C) 
....................  
.................... #define LCD_DB4   PIN_D4 
.................... #define LCD_DB5   PIN_D5 
.................... #define LCD_DB6   PIN_D6 
.................... #define LCD_DB7   PIN_D7 
.................... #define LCD_RW    PIN_D2 
.................... #define LCD_RS    PIN_D1 
.................... #define LCD_E     PIN_D0 
.................... #include <LCD.c> 
.................... /////////////////////////////////////////////////////////////////////////////// 
.................... ////                             LCD.C                                     //// 
.................... ////                 Driver for common LCD modules                         //// 
.................... ////                                                                       //// 
.................... ////  lcd_init()   Must be called before any other function.               //// 
.................... ////                                                                       //// 
.................... ////  lcd_putc(c)  Will display c on the next position of the LCD.         //// 
.................... ////                 \a  Set cursor position to upper left                 //// 
.................... ////                 \f  Clear display, set cursor to upper left           //// 
.................... ////                 \n  Go to start of second line                        //// 
.................... ////                 \b  Move back one position                            //// 
.................... ////              If LCD_EXTENDED_NEWLINE is defined, the \n character     //// 
.................... ////              will erase all remanining characters on the current      //// 
.................... ////              line, and move the cursor to the beginning of the next   //// 
.................... ////              line.                                                    //// 
.................... ////              If LCD_EXTENDED_NEWLINE is defined, the \r character     //// 
.................... ////              will move the cursor to the start of the current         //// 
.................... ////              line.                                                    //// 
.................... ////                                                                       //// 
.................... ////  lcd_gotoxy(x,y) Set write position on LCD (upper left is 1,1)        //// 
.................... ////                                                                       //// 
.................... ////  lcd_getc(x,y)   Returns character at position x,y on LCD             //// 
.................... ////                                                                       //// 
.................... ////  lcd_cursor_on(int1 on)   Turn the cursor on (on=TRUE) or off         //// 
.................... ////              (on=FALSE).                                              //// 
.................... ////                                                                       //// 
.................... ////  lcd_set_cgram_char(w, *p)   Write a custom character to the CGRAM.   //// 
.................... ////                                                                       //// 
.................... ////                                                                       //// 
.................... ////  CONFIGURATION                                                        //// 
.................... ////  The LCD can be configured in one of two ways: a.) port access or     //// 
.................... ////  b.) pin access.  Port access requires the entire 7 bit interface     //// 
.................... ////  connected to one GPIO port, and the data bits (D4:D7 of the LCD)     //// 
.................... ////  connected to sequential pins on the GPIO.  Pin access                //// 
.................... ////  has no requirements, all 7 bits of the control interface can         //// 
.................... ////  can be connected to any GPIO using several ports.                    //// 
.................... ////                                                                       //// 
.................... ////  To use port access, #define LCD_DATA_PORT to the SFR location of     //// 
.................... ////  of the GPIO port that holds the interface, -AND- edit LCD_PIN_MAP    //// 
.................... ////  of this file to configure the pin order.  If you are using a         //// 
.................... ////  baseline PIC (PCB), then LCD_OUTPUT_MAP and LCD_INPUT_MAP also must  //// 
.................... ////  be defined.                                                          //// 
.................... ////                                                                       //// 
.................... ////  Example of port access:                                              //// 
.................... ////     #define LCD_DATA_PORT getenv("SFR:PORTD")                         //// 
.................... ////                                                                       //// 
.................... ////  To use pin access, the following pins must be defined:               //// 
.................... ////     LCD_ENABLE_PIN                                                    //// 
.................... ////     LCD_RS_PIN                                                        //// 
.................... ////     LCD_RW_PIN                                                        //// 
.................... ////     LCD_DATA4                                                         //// 
.................... ////     LCD_DATA5                                                         //// 
.................... ////     LCD_DATA6                                                         //// 
.................... ////     LCD_DATA7                                                         //// 
.................... ////                                                                       //// 
.................... ////  Example of pin access:                                               //// 
.................... ////     #define LCD_ENABLE_PIN  PIN_E0                                    //// 
.................... ////     #define LCD_RS_PIN      PIN_E1                                    //// 
.................... ////     #define LCD_RW_PIN      PIN_E2                                    //// 
.................... ////     #define LCD_DATA4       PIN_D4                                    //// 
.................... ////     #define LCD_DATA5       PIN_D5                                    //// 
.................... ////     #define LCD_DATA6       PIN_D6                                    //// 
.................... ////     #define LCD_DATA7       PIN_D7                                    //// 
.................... ////                                                                       //// 
.................... /////////////////////////////////////////////////////////////////////////////// 
.................... ////        (C) Copyright 1996,2010 Custom Computer Services           //// 
.................... //// This source code may only be used by licensed users of the CCS C  //// 
.................... //// compiler.  This source code may only be distributed to other      //// 
.................... //// licensed users of the CCS C compiler.  No other use, reproduction //// 
.................... //// or distribution is permitted without written permission.          //// 
.................... //// Derivative programs created using this software in object code    //// 
.................... //// form are not restricted in any way.                               //// 
.................... /////////////////////////////////////////////////////////////////////////// 
....................  
.................... #ifndef __LCD_C__ 
.................... #define __LCD_C__ 
....................  
.................... // define the pinout. 
.................... // only required if port access is being used. 
.................... typedef struct   
.................... {                            // This structure is overlayed 
....................    int1 enable;           // on to an I/O port to gain 
....................    int1 rs;               // access to the LCD pins. 
....................    int1 rw;               // The bits are allocated from 
....................    int1 unused;           // low order up.  ENABLE will 
....................    unsigned int     data : 4;         // be LSB pin of that port. 
....................   #if defined(__PCD__)       // The port used will be LCD_DATA_PORT. 
....................    unsigned int    reserved: 8; 
....................   #endif 
.................... } LCD_PIN_MAP; 
....................  
.................... // this is to improve compatability with previous LCD drivers that accepted 
.................... // a define labeled 'use_portb_lcd' that configured the LCD onto port B. 
.................... #if ((defined(use_portb_lcd)) && (use_portb_lcd==TRUE)) 
....................  #define LCD_DATA_PORT getenv("SFR:PORTB") 
.................... #endif 
....................  
.................... #if defined(__PCB__) 
....................    // these definitions only need to be modified for baseline PICs. 
....................    // all other PICs use LCD_PIN_MAP or individual LCD_xxx pin definitions. 
.................... /*                                    EN, RS,   RW,   UNUSED,  DATA  */ 
....................  const LCD_PIN_MAP LCD_OUTPUT_MAP =  {0,  0,    0,    0,       0}; 
....................  const LCD_PIN_MAP LCD_INPUT_MAP =   {0,  0,    0,    0,       0xF}; 
.................... #endif 
....................  
.................... ////////////////////// END CONFIGURATION /////////////////////////////////// 
....................  
.................... #ifndef LCD_ENABLE_PIN 
....................    #define lcd_output_enable(x) lcdlat.enable=x 
....................    #define lcd_enable_tris()   lcdtris.enable=0 
.................... #else 
....................    #define lcd_output_enable(x) output_bit(LCD_ENABLE_PIN, x) 
....................    #define lcd_enable_tris()  output_drive(LCD_ENABLE_PIN) 
.................... #endif 
....................  
.................... #ifndef LCD_RS_PIN 
....................    #define lcd_output_rs(x) lcdlat.rs=x 
....................    #define lcd_rs_tris()   lcdtris.rs=0 
.................... #else 
....................    #define lcd_output_rs(x) output_bit(LCD_RS_PIN, x) 
....................    #define lcd_rs_tris()  output_drive(LCD_RS_PIN) 
.................... #endif 
....................  
.................... #ifndef LCD_RW_PIN 
....................    #define lcd_output_rw(x) lcdlat.rw=x 
....................    #define lcd_rw_tris()   lcdtris.rw=0 
.................... #else 
....................    #define lcd_output_rw(x) output_bit(LCD_RW_PIN, x) 
....................    #define lcd_rw_tris()  output_drive(LCD_RW_PIN) 
.................... #endif 
....................  
.................... // original version of this library incorrectly labeled LCD_DATA0 as LCD_DATA4, 
.................... // LCD_DATA1 as LCD_DATA5, and so on.  this block of code makes the driver 
.................... // compatible with any code written for the original library 
.................... #if (defined(LCD_DATA0) && defined(LCD_DATA1) && defined(LCD_DATA2) && defined(LCD_DATA3) && !defined(LCD_DATA4) && !defined(LCD_DATA5) && !defined(LCD_DATA6) && !defined(LCD_DATA7)) 
....................    #define  LCD_DATA4    LCD_DATA0 
....................    #define  LCD_DATA5    LCD_DATA1 
....................    #define  LCD_DATA6    LCD_DATA2 
....................    #define  LCD_DATA7    LCD_DATA3 
.................... #endif 
....................  
.................... #ifndef LCD_DATA4 
.................... #ifndef LCD_DATA_PORT 
....................    #if defined(__PCB__) 
....................       #define LCD_DATA_PORT      0x06     //portb 
....................       #define set_tris_lcd(x)   set_tris_b(x) 
....................    #else 
....................      #if defined(PIN_D0) 
....................       #define LCD_DATA_PORT      getenv("SFR:PORTD")     //portd 
....................      #else 
....................       #define LCD_DATA_PORT      getenv("SFR:PORTB")     //portb 
....................      #endif 
....................    #endif    
.................... #endif 
....................  
.................... #if defined(__PCB__) 
....................    LCD_PIN_MAP lcd, lcdlat; 
....................    #byte lcd = LCD_DATA_PORT 
....................    #byte lcdlat = LCD_DATA_PORT 
.................... #elif defined(__PCM__) 
....................    LCD_PIN_MAP lcd, lcdlat, lcdtris; 
....................    #byte lcd = LCD_DATA_PORT 
....................    #byte lcdlat = LCD_DATA_PORT 
....................    #byte lcdtris = LCD_DATA_PORT+0x80 
.................... #elif defined(__PCH__) 
....................    LCD_PIN_MAP lcd, lcdlat, lcdtris; 
....................    #byte lcd = LCD_DATA_PORT 
....................    #byte lcdlat = LCD_DATA_PORT+9 
....................    #byte lcdtris = LCD_DATA_PORT+0x12 
.................... #elif defined(__PCD__) 
....................    LCD_PIN_MAP lcd, lcdlat, lcdtris; 
....................    #word lcd = LCD_DATA_PORT 
....................    #word lcdlat = LCD_DATA_PORT+2 
....................    #word lcdtris = LCD_DATA_PORT-0x02 
.................... #endif 
.................... #endif   //LCD_DATA4 not defined 
....................  
.................... #ifndef LCD_TYPE 
....................    #define LCD_TYPE 2           // 0=5x7, 1=5x10, 2=2 lines 
.................... #endif 
....................  
.................... #ifndef LCD_LINE_TWO 
....................    #define LCD_LINE_TWO 0x40    // LCD RAM address for the second line 
.................... #endif 
....................  
.................... #ifndef LCD_LINE_LENGTH 
....................    #define LCD_LINE_LENGTH 20 
.................... #endif 
....................  
.................... unsigned int8 lcd_read_nibble(void); 
....................  
.................... unsigned int8 lcd_read_byte(void) 
.................... { 
....................    unsigned int8 low,high; 
....................  
....................  #if defined(__PCB__) 
....................    set_tris_lcd(LCD_INPUT_MAP); 
....................  #else 
....................   #if (defined(LCD_DATA4) && defined(LCD_DATA5) && defined(LCD_DATA6) && defined(LCD_DATA7)) 
....................    output_float(LCD_DATA4); 
....................    output_float(LCD_DATA5); 
....................    output_float(LCD_DATA6); 
....................    output_float(LCD_DATA7); 
....................   #else 
....................    lcdtris.data = 0xF; 
*
0040:  MOVLW  0F
0041:  BSF    03.5
0042:  ANDWF  08,W
0043:  IORLW  F0
0044:  MOVWF  08
....................   #endif 
....................  #endif 
....................          
....................    lcd_output_rw(1); 
0045:  BCF    03.5
0046:  BSF    08.2
....................    delay_cycles(1); 
0047:  NOP
....................    lcd_output_enable(1); 
0048:  BSF    08.0
....................    delay_cycles(1); 
0049:  NOP
....................    high = lcd_read_nibble(); 
004A:  CALL   034
004B:  MOVF   78,W
004C:  MOVWF  3B
....................        
....................    lcd_output_enable(0); 
004D:  BCF    08.0
....................    delay_cycles(1); 
004E:  NOP
....................    lcd_output_enable(1); 
004F:  BSF    08.0
....................    delay_us(1); 
0050:  GOTO   051
0051:  GOTO   052
0052:  NOP
....................    low = lcd_read_nibble(); 
0053:  CALL   034
0054:  MOVF   78,W
0055:  MOVWF  3A
....................        
....................    lcd_output_enable(0); 
0056:  BCF    08.0
....................  
....................  #if defined(__PCB__) 
....................    set_tris_lcd(LCD_OUTPUT_MAP); 
....................  #else 
....................   #if (defined(LCD_DATA4) && defined(LCD_DATA5) && defined(LCD_DATA6) && defined(LCD_DATA7)) 
....................    output_drive(LCD_DATA4); 
....................    output_drive(LCD_DATA5); 
....................    output_drive(LCD_DATA6); 
....................    output_drive(LCD_DATA7); 
....................   #else 
....................    lcdtris.data = 0x0; 
0057:  MOVLW  0F
0058:  BSF    03.5
0059:  ANDWF  08,W
005A:  MOVWF  08
....................   #endif 
....................  #endif 
....................  
....................    return( (high<<4) | low); 
005B:  BCF    03.5
005C:  SWAPF  3B,W
005D:  MOVWF  77
005E:  MOVLW  F0
005F:  ANDWF  77,F
0060:  MOVF   77,W
0061:  IORWF  3A,W
0062:  MOVWF  78
.................... } 
....................  
.................... unsigned int8 lcd_read_nibble(void) 
.................... { 
....................   #if (defined(LCD_DATA4) && defined(LCD_DATA5) && defined(LCD_DATA6) && defined(LCD_DATA7)) 
....................    unsigned int8 n = 0x00; 
....................  
....................    /* Read the data port */ 
....................    n |= input(LCD_DATA4); 
....................    n |= input(LCD_DATA5) << 1; 
....................    n |= input(LCD_DATA6) << 2; 
....................    n |= input(LCD_DATA7) << 3; 
....................     
....................    return(n); 
....................   #else 
....................    return(lcd.data); 
*
0034:  MOVF   08,W
0035:  MOVWF  77
0036:  SWAPF  08,W
0037:  ANDLW  0F
0038:  MOVWF  78
....................   #endif 
0039:  RETURN
.................... } 
....................  
.................... void lcd_send_nibble(unsigned int8 n) 
.................... { 
....................   #if (defined(LCD_DATA4) && defined(LCD_DATA5) && defined(LCD_DATA6) && defined(LCD_DATA7)) 
....................    /* Write to the data port */ 
....................    output_bit(LCD_DATA4, bit_test(n, 0)); 
....................    output_bit(LCD_DATA5, bit_test(n, 1)); 
....................    output_bit(LCD_DATA6, bit_test(n, 2)); 
....................    output_bit(LCD_DATA7, bit_test(n, 3)); 
....................   #else       
....................    lcdlat.data = n; 
*
0023:  SWAPF  3B,W
0024:  ANDLW  F0
0025:  MOVWF  77
0026:  MOVLW  0F
0027:  ANDWF  08,W
0028:  IORWF  77,W
0029:  MOVWF  08
....................   #endif 
....................        
....................    delay_cycles(1); 
002A:  NOP
....................    lcd_output_enable(1); 
002B:  BSF    08.0
....................    delay_us(2); 
002C:  MOVLW  02
002D:  MOVWF  77
002E:  DECFSZ 77,F
002F:  GOTO   02E
0030:  GOTO   031
0031:  NOP
....................    lcd_output_enable(0); 
0032:  BCF    08.0
0033:  RETURN
.................... } 
....................  
.................... void lcd_send_byte(unsigned int8 address, unsigned int8 n) 
.................... { 
....................   #if defined(__PCB__) 
....................    set_tris_lcd(LCD_OUTPUT_MAP); 
....................   #else 
....................    lcd_enable_tris(); 
*
003A:  BSF    03.5
003B:  BCF    08.0
....................    lcd_rs_tris(); 
003C:  BCF    08.1
....................    lcd_rw_tris(); 
003D:  BCF    08.2
....................   #endif 
....................  
....................    lcd_output_rs(0); 
003E:  BCF    03.5
003F:  BCF    08.1
....................    while ( bit_test(lcd_read_byte(),7) ) ; 
*
0063:  MOVF   78,W
0064:  MOVWF  3A
0065:  BTFSC  3A.7
0066:  GOTO   040
....................    lcd_output_rs(address); 
0067:  BTFSS  38.0
0068:  BCF    08.1
0069:  BTFSC  38.0
006A:  BSF    08.1
....................    delay_cycles(1); 
006B:  NOP
....................    lcd_output_rw(0); 
006C:  BCF    08.2
....................    delay_cycles(1); 
006D:  NOP
....................    lcd_output_enable(0); 
006E:  BCF    08.0
....................    lcd_send_nibble(n >> 4); 
006F:  SWAPF  39,W
0070:  MOVWF  3A
0071:  MOVLW  0F
0072:  ANDWF  3A,F
0073:  MOVF   3A,W
0074:  MOVWF  3B
0075:  CALL   023
....................    lcd_send_nibble(n & 0xf); 
0076:  MOVF   39,W
0077:  ANDLW  0F
0078:  MOVWF  3A
0079:  MOVWF  3B
007A:  CALL   023
007B:  RETURN
.................... } 
....................  
.................... #if defined(LCD_EXTENDED_NEWLINE) 
.................... unsigned int8 g_LcdX, g_LcdY; 
.................... #endif 
....................  
.................... void lcd_init(void)  
.................... { 
....................    unsigned int8 i; 
....................    unsigned int8 LCD_INIT_STRING[4] = {0x20 | (LCD_TYPE << 2), 0xc, 1, 6}; 
007C:  MOVLW  28
007D:  MOVWF  27
007E:  MOVLW  0C
007F:  MOVWF  28
0080:  MOVLW  01
0081:  MOVWF  29
0082:  MOVLW  06
0083:  MOVWF  2A
....................                              // These bytes need to be sent to the LCD 
....................                              // to start it up. 
....................     
....................  
....................    lcd_output_enable(0); 
0084:  BCF    08.0
....................    lcd_output_rs(0); 
0085:  BCF    08.1
....................    lcd_output_rw(0); 
0086:  BCF    08.2
....................  
....................  #if defined(__PCB__) 
....................    set_tris_lcd(LCD_OUTPUT_MAP); 
....................  #else 
....................   #if (defined(LCD_DATA4) && defined(LCD_DATA5) && defined(LCD_DATA6) && defined(LCD_DATA7)) 
....................    output_drive(LCD_DATA4); 
....................    output_drive(LCD_DATA5); 
....................    output_drive(LCD_DATA6); 
....................    output_drive(LCD_DATA7); 
....................   #else 
....................    lcdtris.data = 0x0; 
0087:  MOVLW  0F
0088:  BSF    03.5
0089:  ANDWF  08,W
008A:  MOVWF  08
....................   #endif 
....................    lcd_enable_tris(); 
008B:  BCF    08.0
....................    lcd_rs_tris(); 
008C:  BCF    08.1
....................    lcd_rw_tris(); 
008D:  BCF    08.2
....................  #endif 
....................      
....................    delay_ms(15); 
008E:  MOVLW  0F
008F:  BCF    03.5
0090:  MOVWF  34
0091:  CALL   00F
....................    for(i=1;i<=3;++i) 
0092:  MOVLW  01
0093:  MOVWF  26
0094:  MOVF   26,W
0095:  SUBLW  03
0096:  BTFSS  03.0
0097:  GOTO   0A0
....................    { 
....................        lcd_send_nibble(3); 
0098:  MOVLW  03
0099:  MOVWF  3B
009A:  CALL   023
....................        delay_ms(5); 
009B:  MOVLW  05
009C:  MOVWF  34
009D:  CALL   00F
009E:  INCF   26,F
009F:  GOTO   094
....................    } 
....................     
....................    lcd_send_nibble(2); 
00A0:  MOVLW  02
00A1:  MOVWF  3B
00A2:  CALL   023
....................    delay_ms(5); 
00A3:  MOVLW  05
00A4:  MOVWF  34
00A5:  CALL   00F
....................    for(i=0;i<=3;++i) 
00A6:  CLRF   26
00A7:  MOVF   26,W
00A8:  SUBLW  03
00A9:  BTFSS  03.0
00AA:  GOTO   0B7
....................       lcd_send_byte(0,LCD_INIT_STRING[i]); 
00AB:  MOVLW  27
00AC:  ADDWF  26,W
00AD:  MOVWF  04
00AE:  BCF    03.7
00AF:  MOVF   00,W
00B0:  MOVWF  2B
00B1:  CLRF   38
00B2:  MOVF   2B,W
00B3:  MOVWF  39
00B4:  CALL   03A
....................  
....................   #if defined(LCD_EXTENDED_NEWLINE) 
00B5:  INCF   26,F
00B6:  GOTO   0A7
00B7:  BCF    0A.3
00B8:  BCF    0A.4
00B9:  GOTO   484 (RETURN)
....................    g_LcdX = 0; 
....................    g_LcdY = 0; 
....................   #endif 
.................... } 
....................  
.................... void lcd_gotoxy(unsigned int8 x, unsigned int8 y) 
.................... { 
....................    unsigned int8 address; 
....................     
....................    if(y!=1) 
00BA:  DECFSZ 35,W
00BB:  GOTO   0BD
00BC:  GOTO   0C0
....................       address=LCD_LINE_TWO; 
00BD:  MOVLW  40
00BE:  MOVWF  36
00BF:  GOTO   0C1
....................    else 
....................       address=0; 
00C0:  CLRF   36
....................       
....................    address+=x-1; 
00C1:  MOVLW  01
00C2:  SUBWF  34,W
00C3:  ADDWF  36,F
....................    lcd_send_byte(0,0x80|address); 
00C4:  MOVF   36,W
00C5:  IORLW  80
00C6:  MOVWF  37
00C7:  CLRF   38
00C8:  MOVF   37,W
00C9:  MOVWF  39
00CA:  CALL   03A
....................  
....................   #if defined(LCD_EXTENDED_NEWLINE) 
00CB:  RETURN
....................    g_LcdX = x - 1; 
....................    g_LcdY = y - 1; 
....................   #endif 
.................... } 
....................  
.................... void lcd_putc(char c) 
.................... { 
....................    switch (c) 
00CC:  MOVF   33,W
00CD:  XORLW  07
00CE:  BTFSC  03.2
00CF:  GOTO   0DA
00D0:  XORLW  0B
00D1:  BTFSC  03.2
00D2:  GOTO   0DF
00D3:  XORLW  06
00D4:  BTFSC  03.2
00D5:  GOTO   0E7
00D6:  XORLW  02
00D7:  BTFSC  03.2
00D8:  GOTO   0ED
00D9:  GOTO   0F2
....................    { 
....................       case '\a'   :  lcd_gotoxy(1,1);     break; 
00DA:  MOVLW  01
00DB:  MOVWF  34
00DC:  MOVWF  35
00DD:  CALL   0BA
00DE:  GOTO   0F7
....................  
....................       case '\f'   :  lcd_send_byte(0,1); 
00DF:  CLRF   38
00E0:  MOVLW  01
00E1:  MOVWF  39
00E2:  CALL   03A
....................                      delay_ms(2); 
00E3:  MOVLW  02
00E4:  MOVWF  34
00E5:  CALL   00F
....................                     #if defined(LCD_EXTENDED_NEWLINE) 
....................                      g_LcdX = 0; 
....................                      g_LcdY = 0; 
....................                     #endif 
....................                      break; 
00E6:  GOTO   0F7
....................  
....................      #if defined(LCD_EXTENDED_NEWLINE) 
....................       case '\r'   :  lcd_gotoxy(1, g_LcdY+1);   break; 
....................       case '\n'   : 
....................          while (g_LcdX++ < LCD_LINE_LENGTH) 
....................          { 
....................             lcd_send_byte(1, ' '); 
....................          } 
....................          lcd_gotoxy(1, g_LcdY+2); 
....................          break; 
....................      #else 
....................       case '\n'   : lcd_gotoxy(1,2);        break; 
00E7:  MOVLW  01
00E8:  MOVWF  34
00E9:  MOVLW  02
00EA:  MOVWF  35
00EB:  CALL   0BA
00EC:  GOTO   0F7
....................      #endif 
....................       
....................       case '\b'   : lcd_send_byte(0,0x10);  break; 
00ED:  CLRF   38
00EE:  MOVLW  10
00EF:  MOVWF  39
00F0:  CALL   03A
00F1:  GOTO   0F7
....................       
....................      #if defined(LCD_EXTENDED_NEWLINE) 
....................       default     :  
....................          if (g_LcdX < LCD_LINE_LENGTH) 
....................          { 
....................             lcd_send_byte(1, c); 
....................             g_LcdX++; 
....................          } 
....................          break; 
....................      #else 
....................       default     : lcd_send_byte(1,c);     break; 
00F2:  MOVLW  01
00F3:  MOVWF  38
00F4:  MOVF   33,W
00F5:  MOVWF  39
00F6:  CALL   03A
....................      #endif 
....................    } 
00F7:  RETURN
.................... } 
....................   
.................... char lcd_getc(unsigned int8 x, unsigned int8 y) 
.................... { 
....................    char value; 
....................  
....................    lcd_gotoxy(x,y); 
....................    while ( bit_test(lcd_read_byte(),7) ); // wait until busy flag is low 
....................    lcd_output_rs(1); 
....................    value = lcd_read_byte(); 
....................    lcd_output_rs(0); 
....................     
....................    return(value); 
.................... } 
....................  
.................... // write a custom character to the ram 
.................... // which is 0-7 and specifies which character array we are modifying. 
.................... // ptr points to an array of 8 bytes, where each byte is the next row of 
.................... //    pixels.  only bits 0-4 are used.  the last row is the cursor row, and 
.................... //    usually you will want to leave this byte 0x00. 
.................... void lcd_set_cgram_char(unsigned int8 which, unsigned int8 *ptr) 
.................... { 
....................    unsigned int i; 
....................  
....................    which <<= 3; 
....................    which &= 0x38; 
....................  
....................    lcd_send_byte(0, 0x40 | which);  //set cgram address 
....................  
....................    for(i=0; i<8; i++) 
....................    { 
....................       lcd_send_byte(1, *ptr++); 
....................    } 
....................    
....................    #if defined(LCD_EXTENDED_NEWLINE) 
....................     lcd_gotoxy(g_LcdX+1, g_LcdY+1);  //set ddram address 
....................    #endif 
.................... } 
....................  
.................... void lcd_cursor_on(int1 on) 
.................... { 
....................    if (on) 
....................    { 
....................       lcd_send_byte(0,0x0F);           //turn LCD cursor ON 
....................    } 
....................    else 
....................    { 
....................       lcd_send_byte(0,0x0C);           //turn LCD cursor OFF 
....................    } 
.................... } 
....................  
.................... #endif 
....................  
....................  
.................... long valor_adc;      // 16 bits = 65536 se declara para almacenar los datos 
.................... float temperatura;   // Trabajar con decimales 
....................  
.................... void main () 
*
0477:  MOVF   03,W
0478:  ANDLW  1F
0479:  MOVWF  03
047A:  BSF    03.5
047B:  BSF    1F.0
047C:  BSF    1F.1
047D:  BSF    1F.2
047E:  BCF    1F.3
047F:  MOVLW  07
0480:  MOVWF  1C
0481:  BCF    03.7
.................... { 
....................    lcd_init(); 
0482:  BCF    03.5
0483:  GOTO   07C
....................    setup_adc_ports(AN0); // Se activa el AN0 que adquiere el voltaje analogico 
0484:  BSF    03.5
0485:  BCF    1F.0
0486:  BSF    1F.1
0487:  BSF    1F.2
0488:  BSF    1F.3
....................    setup_adc(adc_clock_internal); // En conjunto con AN0 se debe activar el reloj interno del PIC 
0489:  BCF    1F.6
048A:  BCF    03.5
048B:  BSF    1F.6
048C:  BSF    1F.7
048D:  BSF    03.5
048E:  BSF    1F.7
048F:  BCF    03.5
0490:  BSF    1F.0
....................     
....................    output_low(PIN_C0); 
0491:  BCF    07.0
....................    set_tris_c(0b00000000); 
0492:  MOVLW  00
0493:  BSF    03.5
0494:  MOVWF  07
....................     
....................     
....................    while(true) 
....................    { 
....................       set_adc_channel(0); // Se activa el canal 0 que el pin RA0 
0495:  MOVLW  00
0496:  MOVWF  78
0497:  BCF    03.5
0498:  MOVF   1F,W
0499:  ANDLW  C7
049A:  IORWF  78,W
049B:  MOVWF  1F
....................       delay_us(2); 
049C:  MOVLW  02
049D:  MOVWF  77
049E:  DECFSZ 77,F
049F:  GOTO   49E
04A0:  GOTO   4A1
04A1:  NOP
....................       valor_adc=read_adc();   // Lee los valores analogicos  
04A2:  BSF    1F.2
04A3:  BTFSC  1F.2
04A4:  GOTO   4A3
04A5:  BSF    03.5
04A6:  MOVF   1E,W
04A7:  BCF    03.5
04A8:  MOVWF  20
04A9:  MOVF   1E,W
04AA:  MOVWF  21
....................            
....................       lcd_putc("\f"); 
04AB:  MOVLW  04
04AC:  BSF    03.6
04AD:  MOVWF  0D
04AE:  MOVLW  00
04AF:  MOVWF  0F
04B0:  BCF    03.6
04B1:  CALL   0F8
....................       temperatura=(valor_adc*500.0)/1023.0;  // 500*10mV=5V, 5V es el voltaje de fuente 
04B2:  MOVF   21,W
04B3:  MOVWF  27
04B4:  MOVF   20,W
04B5:  MOVWF  26
04B6:  GOTO   14E
04B7:  MOVF   7A,W
04B8:  MOVWF  36
04B9:  MOVF   79,W
04BA:  MOVWF  35
04BB:  MOVF   78,W
04BC:  MOVWF  34
04BD:  MOVF   77,W
04BE:  MOVWF  33
04BF:  CLRF   3A
04C0:  CLRF   39
04C1:  MOVLW  7A
04C2:  MOVWF  38
04C3:  MOVLW  87
04C4:  MOVWF  37
04C5:  CALL   16D
04C6:  MOVF   7A,W
04C7:  MOVWF  29
04C8:  MOVF   79,W
04C9:  MOVWF  28
04CA:  MOVF   78,W
04CB:  MOVWF  27
04CC:  MOVF   77,W
04CD:  MOVWF  26
04CE:  MOVF   7A,W
04CF:  MOVWF  2D
04D0:  MOVF   79,W
04D1:  MOVWF  2C
04D2:  MOVF   78,W
04D3:  MOVWF  2B
04D4:  MOVF   77,W
04D5:  MOVWF  2A
04D6:  CLRF   31
04D7:  MOVLW  C0
04D8:  MOVWF  30
04D9:  MOVLW  7F
04DA:  MOVWF  2F
04DB:  MOVLW  88
04DC:  MOVWF  2E
04DD:  GOTO   1E2
04DE:  MOVF   7A,W
04DF:  MOVWF  25
04E0:  MOVF   79,W
04E1:  MOVWF  24
04E2:  MOVF   78,W
04E3:  MOVWF  23
04E4:  MOVF   77,W
04E5:  MOVWF  22
....................       lcd_gotoxy(1,1); 
04E6:  MOVLW  01
04E7:  MOVWF  34
04E8:  MOVWF  35
04E9:  CALL   0BA
....................       lcd_putc("Temperatura"); 
04EA:  MOVLW  05
04EB:  BSF    03.6
04EC:  MOVWF  0D
04ED:  MOVLW  00
04EE:  MOVWF  0F
04EF:  BCF    03.6
04F0:  CALL   0F8
....................       lcd_gotoxy(2,2); 
04F1:  MOVLW  02
04F2:  MOVWF  34
04F3:  MOVWF  35
04F4:  CALL   0BA
....................       printf(lcd_putc,"Es C=%f",temperatura);   // LCD agraga punto decimal  
04F5:  MOVLW  0B
04F6:  BSF    03.6
04F7:  MOVWF  0D
04F8:  MOVLW  00
04F9:  MOVWF  0F
04FA:  BCF    03.0
04FB:  MOVLW  05
04FC:  BCF    03.6
04FD:  MOVWF  26
04FE:  GOTO   2AE
04FF:  MOVLW  89
0500:  MOVWF  04
0501:  MOVF   25,W
0502:  MOVWF  29
0503:  MOVF   24,W
0504:  MOVWF  28
0505:  MOVF   23,W
0506:  MOVWF  27
0507:  MOVF   22,W
0508:  MOVWF  26
0509:  MOVLW  02
050A:  MOVWF  2A
050B:  GOTO   356
....................       delay_ms(100); 
050C:  MOVLW  64
050D:  MOVWF  34
050E:  CALL   00F
....................        
....................       // Se define la temperatura de activicin 
....................        
....................       if(temperatura >= 40.0) 
050F:  CLRF   29
0510:  CLRF   28
0511:  MOVLW  20
0512:  MOVWF  27
0513:  MOVLW  84
0514:  MOVWF  26
0515:  MOVF   25,W
0516:  MOVWF  2D
0517:  MOVF   24,W
0518:  MOVWF  2C
0519:  MOVF   23,W
051A:  MOVWF  2B
051B:  MOVF   22,W
051C:  MOVWF  2A
051D:  CALL   438
051E:  BTFSC  03.0
051F:  GOTO   522
0520:  BTFSS  03.2
0521:  GOTO   526
....................        { 
....................          output_high(PIN_C0); // Pon en 1 la salida 
0522:  BSF    07.0
....................          delay_ms(10);   // Retardo para ejecutar la instruccion anterior 
0523:  MOVLW  0A
0524:  MOVWF  34
0525:  CALL   00F
....................        } 
....................       if(temperatura <= 39.9) 
0526:  MOVF   25,W
0527:  MOVWF  29
0528:  MOVF   24,W
0529:  MOVWF  28
052A:  MOVF   23,W
052B:  MOVWF  27
052C:  MOVF   22,W
052D:  MOVWF  26
052E:  MOVLW  9A
052F:  MOVWF  2D
0530:  MOVLW  99
0531:  MOVWF  2C
0532:  MOVLW  1F
0533:  MOVWF  2B
0534:  MOVLW  84
0535:  MOVWF  2A
0536:  CALL   438
0537:  BTFSC  03.0
0538:  GOTO   53B
0539:  BTFSS  03.2
053A:  GOTO   53F
....................        { 
....................          output_low(PIN_C0); // Pon en 1 la salida 
053B:  BCF    07.0
....................          delay_ms(10);   // Retardo para ejecutar la instruccion anterior 
053C:  MOVLW  0A
053D:  MOVWF  34
053E:  CALL   00F
....................        } 
053F:  BSF    03.5
0540:  GOTO   495
....................    } 
.................... } 
....................  
0541:  SLEEP

Configuration Fuses:
   Word  1: 3F7A   HS NOWDT NOPUT BROWNOUT NOLVP NOCPD NOWRT NODEBUG NOPROTECT
