
ROM used:   130/8192 (2%)
            130/8192 (2%) including unused fragments

            0.2 Average locations per line
            5.0 Average locations per statement

RAM used:   17/368 (5%) at main() level
            17/368 (5%) worst case

Stack used: 1 worst case (1 in main + 0 for interrupts)
Stack size: 8

Lines Stmts  %   Files
----- ----- ---  -----
   53    26 100  Display_001.c
  671     0   0  D:\Programas Escuela\CCS\PICC\Devices\16f877a.h
----- -----
  724    26 Total

Page ROM  %  RAM   Vol Diff  Functions:
---- --- --- ---   --- ----  ----------
0     20  15    1             @delay_ms1
0    106  82    1   612  5.7  main
 Inline         0             @cinit1

Program metrics:
    Functions               1
    Statements              26
    Comments                132
    Volume (V)              618
    Difficulty (D)          5.5
    Effort to implement (E) 3391
    Time to implement (T)   3 minutes
    Est Delivered Bugs (B)  0
    Cyclomatic Complexity   4
    Maintainability (MI)    40

 Segment     Used  Free
-----------  ----  ----
00000-00003     4  0  
00004-007FF   126  1918  
00800-00FFF     0  2048  
01000-017FF     0  2048  
01800-01FFF     0  2048  



