
ROM used:   201/8192 (2%)
            201/8192 (2%) including unused fragments

            0.3 Average locations per line
            3.0 Average locations per statement

RAM used:   10/368 (3%) at main() level
            10/368 (3%) worst case

Stack used: 1 worst case (1 in main + 0 for interrupts)
Stack size: 8

Lines Stmts  %   Files
----- ----- ---  -----
   92    66 100  Secuencias_003.c
  671     0   0  D:\Programas Escuela\CCS\PICC\Devices\16f877a.h
----- -----
  763    66 Total

Page ROM  %  RAM   Vol Diff  Functions:
---- --- --- ---   --- ----  ----------
0     20  10    1             @delay_ms1
0    177  88    1  1961  5.4  main
 Inline         0             @cinit1

Program metrics:
    Functions               1
    Statements              66
    Comments                126
    Volume (V)              1966
    Difficulty (D)          5.3
    Effort to implement (E) 10484
    Time to implement (T)   10 minutes
    Est Delivered Bugs (B)  0
    Cyclomatic Complexity   6
    Maintainability (MI)    13

 Segment     Used  Free
-----------  ----  ----
00000-00003     4  0  
00004-007FF   197  1847  
00800-00FFF     0  2048  
01000-017FF     0  2048  
01800-01FFF     0  2048  



