
ROM used:   64/8192 (1%)
            64/8192 (1%) including unused fragments

            0.1 Average locations per line
            4.3 Average locations per statement

RAM used:   6/368 (2%) at main() level
            7/368 (2%) worst case

Stack used: 1 worst case (1 in main + 0 for interrupts)
Stack size: 8

Lines Stmts  %   Files
----- ----- ---  -----
   28    15 100  Salida2.c
  671     0   0  D:\Programas Escuela\CCS\PICC\Devices\16f877a.h
----- -----
  699    15 Total

Page ROM  %  RAM   Vol Diff  Functions:
---- --- --- ---   --- ----  ----------
0     20  31    1             @delay_ms1
0     40  62    1   293  1.9  main
 Inline         0             @cinit1

Program metrics:
    Functions               1
    Statements              15
    Comments                127
    Volume (V)              297
    Difficulty (D)          1.7
    Effort to implement (E) 518
    Time to implement (T)   0 minutes
    Est Delivered Bugs (B)  0
    Cyclomatic Complexity   1
    Maintainability (MI)    48

 Segment     Used  Free
-----------  ----  ----
00000-00003     4  0  
00004-007FF    60  1984  
00800-00FFF     0  2048  
01000-017FF     0  2048  
01800-01FFF     0  2048  



